C51 COMPILER V9.60.0.0   HOMEWORK                                                          10/21/2019 15:09:08 PAGE 1   


C51 COMPILER V9.60.0.0, COMPILATION OF MODULE HOMEWORK
OBJECT MODULE PLACED IN .\Objects\Homework.obj
COMPILER INVOKED BY: C:\Keil_v5\C51\BIN\C51.EXE UART\Homework.c OPTIMIZE(8,SPEED) BROWSE DEBUG OBJECTEXTEND PRINT(.\List
                    -ings\Homework.lst) TABS(2) OBJECT(.\Objects\Homework.obj)

line level    source

   1          #include "at89c5131.h"
   2          #include "serial.c"
   3          
   4          
   5          
   6          void main(void)
   7          {
   8   1         uart_init();         //Call function to initialize UART
   9   1          P0 = 0x0f;
  10   1        while(1)   
  11   1         {
  12   2          
  13   2        transmit_char('A');    //Call function to transmit 'A'
  14   2          
  15   2           delay_ms(100);//Call 100 ms delay function
  16   2         }     
  17   1      }


MODULE INFORMATION:   STATIC OVERLAYABLE
   CODE SIZE        =    161    ----
   CONSTANT SIZE    =   ----    ----
   XDATA SIZE       =   ----    ----
   PDATA SIZE       =   ----    ----
   DATA SIZE        =   ----       3
   IDATA SIZE       =   ----    ----
   BIT SIZE         =      3    ----
END OF MODULE INFORMATION.


C51 COMPILATION COMPLETE.  0 WARNING(S),  0 ERROR(S)
