C51 COMPILER V9.60.0.0   MAIN                                                              10/21/2019 17:06:38 PAGE 1   


C51 COMPILER V9.60.0.0, COMPILATION OF MODULE MAIN
OBJECT MODULE PLACED IN .\Objects\main.obj
COMPILER INVOKED BY: C:\Keil_v5\C51\BIN\C51.EXE UART\main.c OPTIMIZE(8,SPEED) BROWSE DEBUG OBJECTEXTEND PRINT(.\Listings
                    -\main.lst) TABS(2) OBJECT(.\Objects\main.obj)

line level    source

   1          #include <at89c5131.h>
   2          #include "lcd.h"
   3          #include "serial.c"
   4          
   5          sbit LED=P1^7;
   6          unsigned char intr_count = 0,rx_buf = 0;
   7          //bit tx_complete = 0;
   8          //bit rx_complete = 0;
   9          unsigned char m,num;
  10          unsigned char n ; 
  11          bit k,b7,b6,b5,b4;
  12          //sbit w7 = P1^7;
  13          sbit w6 = P1^6;
  14          sbit w5 = P1^5;
  15          sbit w4 = P1^4;
  16          
  17          
  18          void timer_ISR(void) interrupt 1
  19          {
  20   1          intr_count++;
  21   1          
  22   1          TF0 = 0 ;
  23   1        while(intr_count == 30){
  24   2          LED = ~LED;
  25   2          num = num+1;
  26   2          intr_count = 0;}
  27   1        
  28   1        
  29   1      } 
  30          
  31          void gpio_test(void)
  32          {/*
  33   1        P1 = 0x0F;
  34   1        delay_ms(5000); 
  35   1        b7 = P1^3;
  36   1        b6 = P1^2;
  37   1        b5 = P1^1;
  38   1        b4 = P1^0;
  39   1        
  40   1        P1 = 0x0F;
  41   1        delay_ms(1000);
  42   1         LED = b7;
  43   1        w6 = b6;
  44   1        w5 = b5;
  45   1        w4 = b4;
  46   1      */
  47   1        P1 = 0x0F;
  48   1        TR0 =0;
  49   1        P1 = 0x0F;
  50   1        delay_ms(5000); 
  51   1        m = P1%16;
  52   1        
  53   1        P1 = m<<4;
  54   1        
C51 COMPILER V9.60.0.0   MAIN                                                              10/21/2019 17:06:38 PAGE 2   

  55   1        
  56   1        
  57   1        
  58   1        
  59   1        
  60   1        // Write your testing code here.
  61   1      } 
  62          
  63          void led_test(void)
  64          {
  65   1        TR0 =0;
  66   1        P1 = 0xFF;
  67   1      // Write your testing code here.  
  68   1      }
  69          
  70          void lcd_test(void)
  71          {TR0 =0;
  72   1        lcd_write_string("LCD IS TESTED");
  73   1      // Write your testing code here.
  74   1      } 
  75          
  76          void timer_test(void)
  77          {
  78   1        
  79   1        
  80   1        P1 = 0x00;
  81   1        P1= 0x0F;
  82   1        
  83   1        TMOD = 0x21;
  84   1        TH0 = 0x00;
  85   1        TL0 = 0x01;
  86   1        
  87   1        TR0 = 1;
  88   1        ET0 = 1;
  89   1      while(num<10){}
  90   1        
  91   1        
  92   1        
  93   1        
  94   1      // Write your testing code here.
  95   1      }
  96          
  97          void main(void)
  98          {
  99   1        unsigned char ch=0;
 100   1        P1 = 0x0F;
 101   1        lcd_init();
 102   1        uart_init();
 103   1        transmit_string("************************\r\n");
 104   1        transmit_string("******8051 Tests********\r\n");
 105   1        transmit_string("************************\r\n");
 106   1        transmit_string("Press 1 for GPIO test\r\n");
 107   1        transmit_string("Press 2 for LED test\r\n");
 108   1        transmit_string("Press 3 for LCD test\r\n");
 109   1        
 110   1        while(1)
 111   1        {
 112   2            ch = receive_char();
 113   2            switch(ch)
 114   2            {
 115   3              case '1':gpio_test();
 116   3                       transmit_string("GPIO tested\r\n");
C51 COMPILER V9.60.0.0   MAIN                                                              10/21/2019 17:06:38 PAGE 3   

 117   3                  
 118   3                       break;
 119   3              case '2':led_test();
 120   3                       transmit_string("LED tested\r\n");
 121   3                       break;
 122   3              case '3':lcd_init();
 123   3                        lcd_test();
 124   3                       transmit_string("LCD tested\r\n");
 125   3                       break;
 126   3              case '4':timer_test();
 127   3                       transmit_string("Timer tested\r\n");
 128   3                       break;
 129   3                      
 130   3              default:transmit_string("Incorrect test.Pass correct number\r\n");
 131   3                       break;
 132   3              
 133   3            }   
 134   2        }
 135   1      }


MODULE INFORMATION:   STATIC OVERLAYABLE
   CODE SIZE        =    709    ----
   CONSTANT SIZE    =    230    ----
   XDATA SIZE       =   ----    ----
   PDATA SIZE       =   ----    ----
   DATA SIZE        =      5      12
   IDATA SIZE       =   ----    ----
   BIT SIZE         =      7    ----
END OF MODULE INFORMATION.


C51 COMPILATION COMPLETE.  0 WARNING(S),  0 ERROR(S)
