A51 MACRO ASSEMBLER  LCD                                                                  10/18/2019 20:16:43 PAGE     1


MACRO ASSEMBLER A51 V8.2.7.0
OBJECT MODULE PLACED IN .\Objects\lcd.obj
ASSEMBLER INVOKED BY: C:\Keil_v5\C51\BIN\A51.EXE lcd.asm SET(SMALL) DEBUG PRINT(.\Listings\lcd.lst) OBJECT(.\Objects\lcd
                      .obj) EP

LOC  OBJ            LINE     SOURCE

                       1     ; This subroutine writes characters on the LCD
  00A0                 2     LCD_data equ P2    ;LCD Data port
  0080                 3     LCD_rs   equ P0.0  ;LCD Register Select
  0081                 4     LCD_rw   equ P0.1  ;LCD Read/Write
  0082                 5     LCD_en   equ P0.2  ;LCD Enable
                       6     
0000                   7     ORG 0000H
0000 020200            8     ljmp start
                       9     
0200                  10     org 200h
0200                  11     start:
0200 75A000           12           mov P2,#00h
0203 759000           13           mov P1,#00h
                      14               ;initial delay for lcd power up
                      15     
                      16             ;here1:setb p1.0
0206 5197             17               acall delay
                      18             ;clr p1.0
0208 5197             19               acall delay
                      20             ;sjmp here1
                      21     
                      22     
020A 512C             23               acall lcd_init      ;initialise LCD
                      24             
020C 5197             25               acall delay
020E 5197             26               acall delay
0210 5197             27               acall delay
0212 7485             28               mov a,#85h             ;Put cursor on first row,5 column
0214 5169             29               acall lcd_command      ;send command to LCD
0216 5197             30               acall delay
0218 900300           31               mov   dptr,#my_string1   ;Load DPTR with sring1 Addr
021B 5189             32               acall lcd_sendstring     ;call text strings sending routine
021D 5197             33               acall delay
                      34     
                      35     
                      36     
                      37     
                      38     
                      39     
                      40     
                      41     
                      42     
                      43     
                      44     
021F 74C3             45               mov a,#0C3h             ;Put cursor on second row,3 column
0221 5169             46               acall lcd_command
0223 5197             47               acall delay
0225 900306           48               mov   dptr,#my_string2
0228 5189             49               acall lcd_sendstring
                      50     
022A 80FE             51     here: sjmp here                          
                      52     
                      53     ;------------------------LCD Initialisation routine----------------------------------------
                             ------------
022C                  54     lcd_init:
022C 75A038           55              mov   LCD_data,#38H  ;Function set: 2 Line, 8-bit, 5x7 dots
022F C280             56              clr   LCD_rs         ;Selected command register
A51 MACRO ASSEMBLER  LCD                                                                  10/18/2019 20:16:43 PAGE     2

0231 C281             57              clr   LCD_rw         ;We are writing in instruction register
0233 D282             58              setb  LCD_en         ;Enable H->L
0235 5197             59                      acall delay
0237 C282             60              clr   LCD_en
0239 5197             61                  acall delay
                      62     
023B 75A00C           63              mov   LCD_data,#0CH  ;Display on, Curson off
023E C280             64              clr   LCD_rs         ;Selected instruction register
0240 C281             65              clr   LCD_rw         ;We are writing in instruction register
0242 D282             66              setb  LCD_en         ;Enable H->L
0244 5197             67                      acall delay
0246 C282             68              clr   LCD_en
                      69              
0248 5197             70                      acall delay
024A 75A001           71              mov   LCD_data,#01H  ;Clear LCD
024D C280             72              clr   LCD_rs         ;Selected command register
024F C281             73              clr   LCD_rw         ;We are writing in instruction register
0251 D282             74              setb  LCD_en         ;Enable H->L
0253 5197             75                      acall delay
0255 C282             76              clr   LCD_en
                      77              
0257 5197             78                      acall delay
                      79     
0259 75A006           80              mov   LCD_data,#06H  ;Entry mode, auto increment with no shift
025C C280             81              clr   LCD_rs         ;Selected command register
025E C281             82              clr   LCD_rw         ;We are writing in instruction register
0260 D282             83              setb  LCD_en         ;Enable H->L
0262 5197             84                      acall delay
0264 C282             85              clr   LCD_en
                      86     
0266 5197             87                      acall delay
                      88              
0268 22               89              ret                  ;Return from routine
                      90     
                      91     ;-----------------------command sending routine-------------------------------------
0269                  92      lcd_command:
0269 F5A0             93              mov   LCD_data,A     ;Move the command to LCD port
026B C280             94              clr   LCD_rs         ;Selected command register
026D C281             95              clr   LCD_rw         ;We are writing in instruction register
026F D282             96              setb  LCD_en         ;Enable H->L
0271 5197             97                      acall delay
0273 C282             98              clr   LCD_en
0275 5197             99                      acall delay
                     100         
0277 22              101              ret  
                     102     ;-----------------------data sending routine-------------------------------------          
                                       
0278                 103      lcd_senddata:
0278 F5A0            104              mov   LCD_data,A     ;Move the command to LCD port
027A D280            105              setb  LCD_rs         ;Selected data register
027C C281            106              clr   LCD_rw         ;We are writing
027E D282            107              setb  LCD_en         ;Enable H->L
0280 5197            108                      acall delay
0282 C282            109              clr   LCD_en
0284 5197            110              acall delay
0286 5197            111                      acall delay
0288 22              112              ret                  ;Return from busy routine
                     113     
                     114     ;-----------------------text strings sending routine-------------------------------------
0289                 115     lcd_sendstring:
0289 C0E0            116             push 0e0h
028B                 117             lcd_sendstring_loop:
028B E4              118                      clr   a                 ;clear Accumulator for any previous data
028C 93              119                      movc  a,@a+dptr         ;load the first character in accumulator
028D 6005            120                      jz    exit              ;go to exit if zero
028F 5178            121                      acall lcd_senddata      ;send first char
A51 MACRO ASSEMBLER  LCD                                                                  10/18/2019 20:16:43 PAGE     3

0291 A3              122                      inc   dptr              ;increment data pointer
0292 80F7            123                      sjmp  LCD_sendstring_loop    ;jump back to send the next character
0294 D0E0            124     exit:    pop 0e0h
0296 22              125              ret                     ;End of routine
                     126     
                     127     ;----------------------delay routine-----------------------------------------------------
0297 C000            128     delay:   push 0
0299 C001            129                      push 1
029B 7801            130              mov r0,#1
029D 79FF            131     loop2:   mov r1,#255
029F D9FE            132              loop1:  djnz r1, loop1
02A1 D8FA            133              djnz r0, loop2
02A3 D001            134              pop 1
02A5 D000            135              pop 0 
02A7 22              136              ret
                     137     
                     138     ;------------- ROM text strings------------------------------------------------------------
                             ---
0300                 139     org 300h
0300                 140     my_string1:
0300 50742D35        141              DB   "Pt-51", 00H
0304 3100                    
0306                 142     my_string2:
0306 49495420        143                      DB   "IIT Bombay", 00H
030A 426F6D62                
030E 617900                  
                     144     end
A51 MACRO ASSEMBLER  LCD                                                                  10/18/2019 20:16:43 PAGE     4

SYMBOL TABLE LISTING
------ ----- -------


N A M E              T Y P E  V A L U E   ATTRIBUTES

DELAY . . . . . . .  C ADDR   0297H   A   
EXIT. . . . . . . .  C ADDR   0294H   A   
HERE. . . . . . . .  C ADDR   022AH   A   
LCD_COMMAND . . . .  C ADDR   0269H   A   
LCD_DATA. . . . . .  D ADDR   00A0H   A   
LCD_EN. . . . . . .  B ADDR   0080H.2 A   
LCD_INIT. . . . . .  C ADDR   022CH   A   
LCD_RS. . . . . . .  B ADDR   0080H.0 A   
LCD_RW. . . . . . .  B ADDR   0080H.1 A   
LCD_SENDDATA. . . .  C ADDR   0278H   A   
LCD_SENDSTRING. . .  C ADDR   0289H   A   
LCD_SENDSTRING_LOOP  C ADDR   028BH   A   
LOOP1 . . . . . . .  C ADDR   029FH   A   
LOOP2 . . . . . . .  C ADDR   029DH   A   
MY_STRING1. . . . .  C ADDR   0300H   A   
MY_STRING2. . . . .  C ADDR   0306H   A   
P0. . . . . . . . .  D ADDR   0080H   A   
P1. . . . . . . . .  D ADDR   0090H   A   
P2. . . . . . . . .  D ADDR   00A0H   A   
START . . . . . . .  C ADDR   0200H   A   


REGISTER BANK(S) USED: 0 


ASSEMBLY COMPLETE.  0 WARNING(S), 0 ERROR(S)
