C51 COMPILER V9.60.0.0   MAIN                                                              11/02/2019 12:51:26 PAGE 1   


C51 COMPILER V9.60.0.0, COMPILATION OF MODULE MAIN
OBJECT MODULE PLACED IN .\Objects\main.obj
COMPILER INVOKED BY: C:\Keil_v5\C51\BIN\C51.EXE main.c OPTIMIZE(8,SPEED) BROWSE DEBUG OBJECTEXTEND PRINT(.\Listings\main
                    -.lst) TABS(2) OBJECT(.\Objects\main.obj)

line level    source

   1          
   2          
   3          #include <at89c5131.h>
   4          #include "lcd.h"                                  //Driver for interfacing lcd 
   5          #include "tlv1543.h"                                //Driver for interfacing ADC ic tlv1543
   6          #include "tlv5616.h"                                //Driver for interfacinf DAC ic tlv56516
   7          #include "filters.h"                                //Includes processing functions for filters
   8          
   9          
  10          
  11          unsigned char num,n1,n2,n3;
  12          
  13          
  14          void timer_ISR(void) interrupt 1
  15          {
  16   1          
  17   1          
  18   1          TF0 = 0 ;
  19   1        num = 1;
  20   1        
  21   1        
  22   1      } 
  23          
  24          void main(void)
  25          {
  26   1        unsigned int adc_data=0,dac_data=0;
  27   1        unsigned int i = 0;
  28   1      
  29   1       signed char  dac_dat[] = {0x0,0x18,0x30,0x46,0x5a,0x6a,0x75,0x7d,0x7f,0x7d,0x75,0x6a,0x5a,0x46,0x30,0x18,0
             -x0,0xe7,0xcf,0xb9,0xa5,0x95,0x8a,0x82,0x80,0x82,0x8a,0x95,0xa5,0xb9,0xcf,0xe7};
  30   1       signed char k = 0x7F;
  31   1       signed char m; 
  32   1         
  33   1        spi_init();                                       //AT89C5131A SPI initialization
  34   1        adc_init();                                       //ADC IC (Here tlv1543) initialization
  35   1        dac_init();                                       //DAC IC (Here tlv5616) initialization
  36   1        
  37   1        //lcd_init();                                     //LCD initialization
  38   1        
  39   1        //Q1: Interface DAC and fill following while loop to generate Ramp waveform mantioned in a handout.
  40   1            /*
  41   1          while(1)
  42   1            {
  43   1              
  44   1              
  45   1            //  dac(adc());
  46   1              //dac(0x07ff);                                //Send 16 bit word to DAC IC, Here output voltage 1.65 V      
  47   1            
  48   1              
  49   1              //RAMP_WAVEFORM
  50   1              i = 0;
  51   1              
  52   1              while(i < 4096){
  53   1                i = i+1;
C51 COMPILER V9.60.0.0   MAIN                                                              11/02/2019 12:51:26 PAGE 2   

  54   1                dac(i);
  55   1                msdelay(1);
  56   1              
  57   1                }
  58   1              
  59   1              while(i>0){
  60   1              i = i-1;
  61   1              dac(i);
  62   1            msdelay(1);
  63   1          
  64   1              } 
  65   1              
  66   1            }
  67   1          */
  68   1        
  69   1      
  70   1      
  71   1      
  72   1      
  73   1      
  74   1      
  75   1      
  76   1      
  77   1      //Q2 PARTB
  78   1      
  79   1      /*
  80   1      
  81   1      while(1){
  82   1      
  83   1        
  84   1            i = 0;
  85   1      
  86   1      
  87   1              
  88   1                    
  89   1              while(i < 15){
  90   1                num = 0;
  91   1                i = i+1;
  92   1                m = dac_dat[i] + k;
  93   1                m = m;
  94   1                
  95   1                dac(m);
  96   1                
  97   1      
  98   1        
  99   1        TMOD = 0x21;
 100   1        TH0 = 0xFF;
 101   1        TL0 = 0xF0;
 102   1        
 103   1        TR0 = 1;
 104   1        ET0 = 1;
 105   1              while(num<1){}    }
 106   1              
 107   1              
 108   1              
 109   1              while(i >0){
 110   1                num = 0;
 111   1                i = i-1;
 112   1                m = k - dac_dat[i] ;
 113   1                m = m;
 114   1              
 115   1                dac(m);
C51 COMPILER V9.60.0.0   MAIN                                                              11/02/2019 12:51:26 PAGE 3   

 116   1                TMOD = 0x21;
 117   1        TH0 = 0xFF;
 118   1        TL0 = 0xF0;
 119   1        
 120   1        TR0 = 1;
 121   1        ET0 = 1;
 122   1              while(num<1){}  
 123   1              
 124   1              }
 125   1            }
 126   1          
 127   1      
 128   1      */    
 129   1          
 130   1      
 131   1      /*
 132   1      //Q2 PARTC 
 133   1      
 134   1      
 135   1      while(1){
 136   1      
 137   1        
 138   1            i = 0;
 139   1      
 140   1      
 141   1              
 142   1                    
 143   1              while(i < 15){
 144   1                num = 0;
 145   1                i = i+1;
 146   1                m = dac_dat[i] + k;
 147   1                m = m;
 148   1                
 149   1                dac(m);
 150   1                
 151   1      
 152   1        
 153   1        TMOD = 0x21;
 154   1        TH0 = 0xF5;
 155   1        TL0 = 0x00;
 156   1        
 157   1        TR0 = 1;
 158   1        ET0 = 1;
 159   1              while(num<1){}    }
 160   1              
 161   1              
 162   1              
 163   1              while(i >0){
 164   1                num = 0;
 165   1                i = i-1;
 166   1                m = k - dac_dat[i] ;
 167   1                m = m;
 168   1                
 169   1                dac(m);
 170   1                TMOD = 0x21;
 171   1        TH0 = 0xF5;
 172   1        TL0 = 0x00;
 173   1        
 174   1        TR0 = 1;
 175   1        ET0 = 1;
 176   1              while(num<1){}  
 177   1                
C51 COMPILER V9.60.0.0   MAIN                                                              11/02/2019 12:51:26 PAGE 4   

 178   1              }
 179   1            }
 180   1      
 181   1      */
 182   1      
 183   1      //Q3 
 184   1      while(1){
 185   2      n1 = dac_dat[9] + k;
 186   2        
 187   2      n2 = dac_dat[17] + k;
 188   2        
 189   2      n3 = dac_dat[25] + k;
 190   2      
 191   2        i = 0;
 192   2      
 193   2      
 194   2              
 195   2                    
 196   2              while(i < 15){
 197   3                num = 0;
 198   3                i = i+1;
 199   3                m = dac_dat[i] + k;
 200   3                m = m;
 201   3                if(i%3 == 0){
 202   4                  m = m*n1;
 203   4                  }
 204   3                
 205   3                if(i%3 == 1){
 206   4                  m = m*n2;
 207   4                  }
 208   3                
 209   3                  if(i%3 == 2){
 210   4                  m = m*n3;
 211   4                  
 212   4                  }
 213   3                
 214   3                dac(m);
 215   3                
 216   3      
 217   3        
 218   3        TMOD = 0x21;
 219   3        TH0 = 0xFF;
 220   3        TL0 = 0xF0;
 221   3        
 222   3        TR0 = 1;
 223   3        ET0 = 1;
 224   3              while(num<1){}    }
 225   2              
 226   2              
 227   2              
 228   2              while(i >0){
 229   3                num = 0;
 230   3                i = i-1;
 231   3                m = k - dac_dat[i] ;
 232   3                m = m;
 233   3              if(i%3 == 0){
 234   4                  m = m*n1;
 235   4                  }
 236   3                
 237   3                if(i%3 == 1){
 238   4                  m = m*n2;
 239   4                  }
C51 COMPILER V9.60.0.0   MAIN                                                              11/02/2019 12:51:26 PAGE 5   

 240   3                
 241   3                  if(i%3 == 2){
 242   4                  m = m*n3;
 243   4                
 244   4                  }
 245   3                dac(m);
 246   3                TMOD = 0x21;
 247   3        TH0 = 0xFF;
 248   3        TL0 = 0xF0;
 249   3        
 250   3        TR0 = 1;
 251   3        ET0 = 1;
 252   3              while(num<1){}  
 253   3              
 254   3              }
 255   2            }
 256   1          
 257   1      
 258   1      
 259   1      
 260   1      
 261   1      
 262   1      
 263   1      }


MODULE INFORMATION:   STATIC OVERLAYABLE
   CODE SIZE        =    837    ----
   CONSTANT SIZE    =     32    ----
   XDATA SIZE       =   ----    ----
   PDATA SIZE       =   ----    ----
   DATA SIZE        =     29      47
   IDATA SIZE       =   ----    ----
   BIT SIZE         =      1    ----
END OF MODULE INFORMATION.


C51 COMPILATION COMPLETE.  0 WARNING(S),  0 ERROR(S)
