A51 MACRO ASSEMBLER  TEMPLATE_ADDER                                                       08/13/2019 16:50:23 PAGE     1


MACRO ASSEMBLER A51 V8.2.7.0
OBJECT MODULE PLACED IN .\Objects\template_adder.obj
ASSEMBLER INVOKED BY: C:\Keil_v5\C51\BIN\A51.EXE template_adder.asm SET(SMALL) DEBUG PRINT(.\Listings\template_adder.lst
                      ) OBJECT(.\Objects\template_adder.obj) EP

LOC  OBJ            LINE     SOURCE

0000                   1     ORG 0000H
                       2     ;-- The first opcode is burned into ROM address 0000H,
                       3     ;-- since this is where the 8051 looks for the first 
                       4     ;-- instruction when it is booted.
                       5     ;-- We achieve this by the ORG 00H statement in the source program
                       6     
0000 020200            7     LJMP MAIN
                       8     
                       9     ;R0 and R1 should contain the address of two no.
                      10     ;location given by R0:-         MSB of 1st no.
                      11     ;location given by R0+1:-       LSB of 1st no.
                      12     ;location given by R1:-         MSB of 1st no.
                      13     ;location given by R1+1:-       LSB of 1st no.
                      14     ;location given by R0+2:-       CARRY   
                      15     ;location given by R0+3:-       MSB OF ANS      
                      16     ;location given by R0+4:-       LSB OF ANS
                      17     
                      18     ;---------------------------------------------------------;
0050                  19     ORG 50H
                      20     ;this function adds and stores result in appropriate location
0050                  21     ADDER_16BIT:
0050 EA               22             mov a,R2;
0051 2B               23             add a,R3;
0052 F564             24             mov 64H,a;
0054 E8               25             mov a,R0;
0055 39               26             addc a,R1;
0056 F563             27             mov 63H,a;
0058 E563             28             mov a, 63H;
005A 5480             29             anl a,#80h;
005C 23               30             rl a;
005D F562             31             mov 62H,a;
                      32             ;mov a,#0H;
                      33             ;addc a,#0H;
                      34             ;mov 62H,a;
                      35             
                      36             ;-- perform the addition/subtraction of two 16-bit no.
                      37             ;-- use subroutine written for addition of two 8-bit no.
                      38             ;-- remember the no. are given in 2's complement form
                      39             ;-- take care when you set carry/borrow.
                      40             ;-- store the result at appropriate locations.
                      41             
005F 22               42             RET
                      43     ;-- end of subroutine ADDER_16BIT       
                      44     
                      45             
                      46     
0060                  47     INIT:
0060 A860             48             mov R0, 60H;
0062 AA61             49             mov R2,61H;
0064 A970             50             mov R1,70H;
0066 AB71             51             mov R3,71H;
                      52             
                      53             ;-- store the numbers to be added/subtracted at appropriate location
0068 22               54             RET
                      55     ;-- end of subroutine INIT
                      56     
                      57     
A51 MACRO ASSEMBLER  TEMPLATE_ADDER                                                       08/13/2019 16:50:23 PAGE     2

                      58     
0200                  59     ORG 0200H
0200                  60     MAIN:
0200 1160             61             ACALL INIT          ;-- calling a subroutine INIT
0202 1150             62             ACALL ADDER_16BIT   ;-- calling a subroutine ADDER_16BIT
                      63             
0204 80FE             64     here : sjmp here; 
                      65     END
                             
A51 MACRO ASSEMBLER  TEMPLATE_ADDER                                                       08/13/2019 16:50:23 PAGE     3

SYMBOL TABLE LISTING
------ ----- -------


N A M E             T Y P E  V A L U E   ATTRIBUTES

ADDER_16BIT. . . .  C ADDR   0050H   A   
HERE . . . . . . .  C ADDR   0204H   A   
INIT . . . . . . .  C ADDR   0060H   A   
MAIN . . . . . . .  C ADDR   0200H   A   


REGISTER BANK(S) USED: 0 


ASSEMBLY COMPLETE.  0 WARNING(S), 0 ERROR(S)
